2020-10-18 12:01:49 | [INFO]    | Discordia 2.8.4
2020-10-18 12:01:49 | [INFO]    | Connecting to Discord...
2020-10-18 12:01:49 | [INFO]    | Authenticated as Hunky Boy#2750
2020-10-18 12:01:49 | [INFO]    | Launching shard 0 (1 out of 1)...
2020-10-18 12:01:49 | [INFO]    | Shard 0 : Connected to wss://gateway.discord.gg
2020-10-18 12:01:49 | [INFO]    | Shard 0 : Received HELLO
2020-10-18 12:01:49 | [INFO]    | Shard 0 : Received READY
2020-10-18 12:02:26 | [INFO]    | Discordia 2.8.4
2020-10-18 12:02:26 | [INFO]    | Connecting to Discord...
2020-10-18 12:02:26 | [INFO]    | Authenticated as Canada's Bot#5354
2020-10-18 12:02:26 | [INFO]    | Launching shard 0 (1 out of 1)...
2020-10-18 12:02:26 | [INFO]    | Shard 0 : Connected to wss://gateway.discord.gg
2020-10-18 12:02:26 | [INFO]    | Shard 0 : Received HELLO
2020-10-18 12:02:27 | [INFO]    | Shard 0 : Received READY
2020-10-18 12:02:49 | [INFO]    | Discordia 2.8.4
2020-10-18 12:02:49 | [INFO]    | Connecting to Discord...
2020-10-18 12:02:49 | [INFO]    | Authenticated as Canada's Bot#5354
2020-10-18 12:02:49 | [INFO]    | Launching shard 0 (1 out of 1)...
2020-10-18 12:02:50 | [INFO]    | Shard 0 : Connected to wss://gateway.discord.gg
2020-10-18 12:02:50 | [INFO]    | Shard 0 : Received HELLO
2020-10-18 12:02:50 | [INFO]    | Shard 0 : Received READY
2020-10-18 12:03:12 | [INFO]    | Discordia 2.8.4
2020-10-18 12:03:12 | [INFO]    | Connecting to Discord...
2020-10-18 12:03:12 | [INFO]    | Authenticated as Canada's Bot#5354
2020-10-18 12:03:12 | [INFO]    | Launching shard 0 (1 out of 1)...
2020-10-18 12:03:12 | [INFO]    | Shard 0 : Connected to wss://gateway.discord.gg
2020-10-18 12:03:12 | [INFO]    | Shard 0 : Received HELLO
2020-10-18 12:03:13 | [INFO]    | Shard 0 : Received READY
2020-10-18 12:03:34 | [INFO]    | Discordia 2.8.4
2020-10-18 12:03:34 | [INFO]    | Connecting to Discord...
2020-10-18 12:03:35 | [INFO]    | Authenticated as Canada's Bot#5354
2020-10-18 12:03:35 | [INFO]    | Launching shard 0 (1 out of 1)...
2020-10-18 12:03:36 | [INFO]    | Shard 0 : Connected to wss://gateway.discord.gg
2020-10-18 12:03:36 | [INFO]    | Shard 0 : Received HELLO
2020-10-18 12:03:36 | [INFO]    | Shard 0 : Received READY
2020-10-18 12:04:05 | [INFO]    | Discordia 2.8.4
2020-10-18 12:04:05 | [INFO]    | Connecting to Discord...
2020-10-18 12:04:05 | [INFO]    | Authenticated as Canada's Bot#5354
2020-10-18 12:04:05 | [INFO]    | Launching shard 0 (1 out of 1)...
2020-10-18 12:04:05 | [INFO]    | Shard 0 : Connected to wss://gateway.discord.gg
2020-10-18 12:04:05 | [INFO]    | Shard 0 : Received HELLO
2020-10-18 12:04:05 | [INFO]    | Shard 0 : Received READY
2020-10-18 12:04:29 | [INFO]    | Discordia 2.8.4
2020-10-18 12:04:29 | [INFO]    | Connecting to Discord...
2020-10-18 12:04:29 | [INFO]    | Authenticated as Canada's Bot#5354
2020-10-18 12:04:29 | [INFO]    | Launching shard 0 (1 out of 1)...
2020-10-18 12:04:29 | [INFO]    | Shard 0 : Connected to wss://gateway.discord.gg
2020-10-18 12:04:29 | [INFO]    | Shard 0 : Received HELLO
2020-10-18 12:04:29 | [INFO]    | Shard 0 : Received READY
2020-10-18 12:05:32 | [INFO]    | Discordia 2.8.4
2020-10-18 12:05:32 | [INFO]    | Connecting to Discord...
2020-10-18 12:05:32 | [INFO]    | Authenticated as Canada's Bot#5354
2020-10-18 12:05:32 | [INFO]    | Launching shard 0 (1 out of 1)...
2020-10-18 12:05:32 | [INFO]    | Shard 0 : Connected to wss://gateway.discord.gg
2020-10-18 12:05:32 | [INFO]    | Shard 0 : Received HELLO
2020-10-18 12:05:32 | [INFO]    | Shard 0 : Received READY
2020-10-18 12:07:26 | [INFO]    | Discordia 2.8.4
2020-10-18 12:07:26 | [INFO]    | Connecting to Discord...
2020-10-18 12:07:26 | [INFO]    | Authenticated as Canada's Bot#5354
2020-10-18 12:07:26 | [INFO]    | Launching shard 0 (1 out of 1)...
2020-10-18 12:07:27 | [INFO]    | Shard 0 : Connected to wss://gateway.discord.gg
2020-10-18 12:07:27 | [INFO]    | Shard 0 : Received HELLO
2020-10-18 12:07:27 | [INFO]    | Shard 0 : Received READY
2020-10-18 12:08:18 | [INFO]    | Discordia 2.8.4
2020-10-18 12:08:18 | [INFO]    | Connecting to Discord...
2020-10-18 12:08:18 | [INFO]    | Authenticated as Canada's Bot#5354
2020-10-18 12:08:18 | [INFO]    | Launching shard 0 (1 out of 1)...
2020-10-18 12:08:19 | [INFO]    | Shard 0 : Connected to wss://gateway.discord.gg
2020-10-18 12:08:19 | [INFO]    | Shard 0 : Received HELLO
2020-10-18 12:08:19 | [INFO]    | Shard 0 : Received READY
2020-10-18 12:08:47 | [INFO]    | Discordia 2.8.4
2020-10-18 12:08:47 | [INFO]    | Connecting to Discord...
2020-10-18 12:08:47 | [INFO]    | Authenticated as Canada's Bot#5354
2020-10-18 12:08:47 | [INFO]    | Launching shard 0 (1 out of 1)...
2020-10-18 12:08:47 | [INFO]    | Shard 0 : Connected to wss://gateway.discord.gg
2020-10-18 12:08:47 | [INFO]    | Shard 0 : Received HELLO
2020-10-18 12:08:47 | [INFO]    | Shard 0 : Received READY
2020-10-18 12:10:00 | [INFO]    | Discordia 2.8.4
2020-10-18 12:10:00 | [INFO]    | Connecting to Discord...
2020-10-18 12:10:00 | [INFO]    | Authenticated as Canada's Bot#5354
2020-10-18 12:10:00 | [INFO]    | Launching shard 0 (1 out of 1)...
2020-10-18 12:10:00 | [INFO]    | Shard 0 : Connected to wss://gateway.discord.gg
2020-10-18 12:10:00 | [INFO]    | Shard 0 : Received HELLO
2020-10-18 12:10:00 | [INFO]    | Shard 0 : Received READY
